2025-07-01 05:24:00 [HikariPool-1 housekeeper] WARN  com.zaxxer.hikari.pool.HikariPool - HikariPool-1 - Thread starvation or clock leap detected (housekeeper delta=5h46m38s646ms757µs200ns).
2025-07-01 05:33:02 [MessageBroker-3] INFO  o.s.w.s.c.WebSocketMessageBrokerStats - WebSocketSession[0 current WS(0)-HttpStream(0)-HttpPoll(0), 0 total, 0 closed abnormally (0 connect failure, 0 send limit, 0 transport error)], stompSubProtocol[processed CONNECT(0)-CONNECTED(0)-DISCONNECT(0)], stompBrokerRelay[null], inboundChannel[pool size = 0, active threads = 0, queued tasks = 0, completed tasks = 0], outboundChannel[pool size = 0, active threads = 0, queued tasks = 0, completed tasks = 0], sockJsScheduler[pool size = 8, active threads = 1, queued tasks = 0, completed tasks = 7]
2025-07-01 05:36:49 [HikariPool-1 housekeeper] WARN  com.zaxxer.hikari.pool.HikariPool - HikariPool-1 - Thread starvation or clock leap detected (housekeeper delta=2m48s926ms129µs100ns).
2025-07-01 06:33:35 [HikariPool-1 housekeeper] WARN  com.zaxxer.hikari.pool.HikariPool - HikariPool-1 - Thread starvation or clock leap detected (housekeeper delta=42m15s794ms338µs600ns).
2025-07-01 06:42:34 [http-nio-8080-exec-2] DEBUG o.s.security.web.FilterChainProxy - Securing POST /user/send-code
2025-07-01 06:42:34 [http-nio-8080-exec-2] DEBUG o.s.s.w.a.AnonymousAuthenticationFilter - Set SecurityContextHolder to anonymous SecurityContext
2025-07-01 06:42:34 [http-nio-8080-exec-2] DEBUG o.s.security.web.FilterChainProxy - Secured POST /user/send-code
2025-07-01 06:42:36 [http-nio-8080-exec-2] INFO  c.A.x.Services.EmailService - Preparing to send verification email to: alfybooze@gmail.com
2025-07-01 06:42:42 [http-nio-8080-exec-2] INFO  c.A.x.Services.EmailService - Verification email sent successfully to: alfybooze@gmail.com
2025-07-01 06:47:07 [MessageBroker-3] INFO  o.s.w.s.c.WebSocketMessageBrokerStats - WebSocketSession[0 current WS(0)-HttpStream(0)-HttpPoll(0), 0 total, 0 closed abnormally (0 connect failure, 0 send limit, 0 transport error)], stompSubProtocol[processed CONNECT(0)-CONNECTED(0)-DISCONNECT(0)], stompBrokerRelay[null], inboundChannel[pool size = 0, active threads = 0, queued tasks = 0, completed tasks = 0], outboundChannel[pool size = 0, active threads = 0, queued tasks = 0, completed tasks = 0], sockJsScheduler[pool size = 8, active threads = 1, queued tasks = 0, completed tasks = 8]
2025-07-01 06:49:54 [http-nio-8080-exec-7] DEBUG o.s.security.web.FilterChainProxy - Securing POST /user/send-code
2025-07-01 06:49:54 [http-nio-8080-exec-7] DEBUG o.s.s.w.a.AnonymousAuthenticationFilter - Set SecurityContextHolder to anonymous SecurityContext
2025-07-01 06:49:54 [http-nio-8080-exec-7] DEBUG o.s.security.web.FilterChainProxy - Secured POST /user/send-code
2025-07-01 06:49:54 [http-nio-8080-exec-7] INFO  c.A.x.Services.EmailService - Preparing to send verification email to: alfybooze@gmail.com
2025-07-01 06:49:58 [http-nio-8080-exec-7] INFO  c.A.x.Services.EmailService - Verification email sent successfully to: alfybooze@gmail.com
2025-07-01 06:50:03 [http-nio-8080-exec-3] DEBUG o.s.security.web.FilterChainProxy - Securing POST /user/send-code
2025-07-01 06:50:03 [http-nio-8080-exec-3] DEBUG o.s.s.w.a.AnonymousAuthenticationFilter - Set SecurityContextHolder to anonymous SecurityContext
2025-07-01 06:50:03 [http-nio-8080-exec-3] DEBUG o.s.security.web.FilterChainProxy - Secured POST /user/send-code
2025-07-01 06:50:03 [http-nio-8080-exec-3] INFO  c.A.x.Services.EmailService - Preparing to send verification email to: alfybooze@gmail.com
2025-07-01 06:50:06 [http-nio-8080-exec-3] INFO  c.A.x.Services.EmailService - Verification email sent successfully to: alfybooze@gmail.com
2025-07-01 06:50:16 [http-nio-8080-exec-5] DEBUG o.s.security.web.FilterChainProxy - Securing GET /register
2025-07-01 06:50:16 [http-nio-8080-exec-5] DEBUG o.s.s.w.a.AnonymousAuthenticationFilter - Set SecurityContextHolder to anonymous SecurityContext
2025-07-01 06:50:16 [http-nio-8080-exec-5] DEBUG o.s.security.web.FilterChainProxy - Secured GET /register
2025-07-01 06:50:16 [http-nio-8080-exec-1] DEBUG o.s.security.web.FilterChainProxy - Securing GET /css/Landing.css
2025-07-01 06:50:16 [http-nio-8080-exec-1] DEBUG o.s.s.w.a.AnonymousAuthenticationFilter - Set SecurityContextHolder to anonymous SecurityContext
2025-07-01 06:50:16 [http-nio-8080-exec-8] DEBUG o.s.security.web.FilterChainProxy - Securing GET /css/authentication.css
2025-07-01 06:50:16 [http-nio-8080-exec-1] DEBUG o.s.security.web.FilterChainProxy - Secured GET /css/Landing.css
2025-07-01 06:50:16 [http-nio-8080-exec-8] DEBUG o.s.s.w.a.AnonymousAuthenticationFilter - Set SecurityContextHolder to anonymous SecurityContext
2025-07-01 06:50:16 [http-nio-8080-exec-8] DEBUG o.s.security.web.FilterChainProxy - Secured GET /css/authentication.css
2025-07-01 06:50:16 [http-nio-8080-exec-6] DEBUG o.s.security.web.FilterChainProxy - Securing GET /js/loading.js
2025-07-01 06:50:16 [http-nio-8080-exec-6] DEBUG o.s.s.w.a.AnonymousAuthenticationFilter - Set SecurityContextHolder to anonymous SecurityContext
2025-07-01 06:50:16 [http-nio-8080-exec-6] DEBUG o.s.security.web.FilterChainProxy - Secured GET /js/loading.js
2025-07-01 06:50:16 [http-nio-8080-exec-2] DEBUG o.s.security.web.FilterChainProxy - Securing GET /.well-known/appspecific/com.chrome.devtools.json
2025-07-01 06:50:16 [http-nio-8080-exec-2] INFO  c.A.x.Filter.JwtAuthFilter - Session expired or invalid, redirecting to login
2025-07-01 06:50:16 [http-nio-8080-exec-4] DEBUG o.s.security.web.FilterChainProxy - Securing GET /login
2025-07-01 06:50:16 [http-nio-8080-exec-4] DEBUG o.s.s.w.a.AnonymousAuthenticationFilter - Set SecurityContextHolder to anonymous SecurityContext
2025-07-01 06:50:16 [http-nio-8080-exec-4] DEBUG o.s.security.web.FilterChainProxy - Secured GET /login
2025-07-01 06:50:18 [http-nio-8080-exec-7] DEBUG o.s.security.web.FilterChainProxy - Securing GET /favicon.ico
2025-07-01 06:50:18 [http-nio-8080-exec-7] DEBUG o.s.s.w.a.AnonymousAuthenticationFilter - Set SecurityContextHolder to anonymous SecurityContext
2025-07-01 06:50:18 [http-nio-8080-exec-7] DEBUG o.s.s.w.a.Http403ForbiddenEntryPoint - Pre-authenticated entry point called. Rejecting access
2025-07-01 06:50:18 [http-nio-8080-exec-7] DEBUG o.s.security.web.FilterChainProxy - Securing GET /error
2025-07-01 06:50:18 [http-nio-8080-exec-7] DEBUG o.s.s.w.a.AnonymousAuthenticationFilter - Set SecurityContextHolder to anonymous SecurityContext
2025-07-01 06:50:18 [http-nio-8080-exec-7] DEBUG o.s.s.w.s.HttpSessionRequestCache - Saved request http://localhost:8080/error?continue to session
2025-07-01 06:50:18 [http-nio-8080-exec-7] DEBUG o.s.s.w.a.Http403ForbiddenEntryPoint - Pre-authenticated entry point called. Rejecting access
2025-07-01 06:50:51 [http-nio-8080-exec-8] DEBUG o.s.security.web.FilterChainProxy - Securing POST /user/send-code
2025-07-01 06:50:51 [http-nio-8080-exec-8] DEBUG o.s.s.w.a.AnonymousAuthenticationFilter - Set SecurityContextHolder to anonymous SecurityContext
2025-07-01 06:50:51 [http-nio-8080-exec-8] DEBUG o.s.security.web.FilterChainProxy - Secured POST /user/send-code
2025-07-01 06:50:51 [http-nio-8080-exec-8] INFO  c.A.x.Services.EmailService - Preparing to send verification email to: alfybooze@outlook.com
2025-07-01 06:50:54 [http-nio-8080-exec-8] INFO  c.A.x.Services.EmailService - Verification email sent successfully to: alfybooze@outlook.com
2025-07-01 06:51:47 [http-nio-8080-exec-2] DEBUG o.s.security.web.FilterChainProxy - Securing POST /user/registers
2025-07-01 06:51:47 [http-nio-8080-exec-2] DEBUG o.s.s.w.a.AnonymousAuthenticationFilter - Set SecurityContextHolder to anonymous SecurityContext
2025-07-01 06:51:47 [http-nio-8080-exec-2] DEBUG o.s.security.web.FilterChainProxy - Secured POST /user/registers
2025-07-01 07:17:07 [MessageBroker-3] INFO  o.s.w.s.c.WebSocketMessageBrokerStats - WebSocketSession[0 current WS(0)-HttpStream(0)-HttpPoll(0), 0 total, 0 closed abnormally (0 connect failure, 0 send limit, 0 transport error)], stompSubProtocol[processed CONNECT(0)-CONNECTED(0)-DISCONNECT(0)], stompBrokerRelay[null], inboundChannel[pool size = 0, active threads = 0, queued tasks = 0, completed tasks = 0], outboundChannel[pool size = 0, active threads = 0, queued tasks = 0, completed tasks = 0], sockJsScheduler[pool size = 8, active threads = 1, queued tasks = 0, completed tasks = 9]
2025-07-01 08:23:44 [HikariPool-1 housekeeper] WARN  com.zaxxer.hikari.pool.HikariPool - HikariPool-1 - Thread starvation or clock leap detected (housekeeper delta=1h6m37s968ms517µs900ns).
